[2K[1G[1myarn run v1.22.22[22m
[2K[1G[2m$ storybook build --output-dir ../../dist/ui/storybook-tucu-ui --output-dir=/var/folders/lw/gy7lfk_52gq0fv1yvph2fb100000gn/T/chromatic--86736-Cur2LLLwROzO --webpack-stats-json=/var/folders/lw/gy7lfk_52gq0fv1yvph2fb100000gn/T/chromatic--86736-Cur2LLLwROzO[22m
[1mstorybook v9.0.0
[22m
info => Cleaning outputDir: [36m../../../../../../../../var/folders/lw/gy7lfk_52gq0fv1yvph2fb100000gn/T/chromatic--86736-Cur2LLLwROzO[39m
info => Loading presets
info => Building manager..
info => Manager built ([38;2;181;126;229m86 ms[39m)
info => Building preview..
info Using tsconfig paths for react-docgen
info => Copying static files: [36msrc/assets[39m at [36m../../../../../../../../var/folders/lw/gy7lfk_52gq0fv1yvph2fb100000gn/T/chromatic--86736-Cur2LLLwROzO[39m
[36mvite v5.4.11 [32mbuilding for production...[36m[39m
transforming...
[32m✓[39m 3905 modules transformed.
rendering chunks...

[vite:dts] Start generate declaration files...
computing gzip size...
[vite:dts] Declaration files built in 2721ms.

[2m../../../../../../../../var/folders/lw/gy7lfk_52gq0fv1yvph2fb100000gn/T/chromatic--86736-Cur2LLLwROzO/[22m[2massets/[22m[32mlogo-BaE7MUSZ.svg                  [39m[1m[2m    5.38 kB[22m[1m[22m[2m │ gzip:   2.17 kB[22m
[2m../../../../../../../../var/folders/lw/gy7lfk_52gq0fv1yvph2fb100000gn/T/chromatic--86736-Cur2LLLwROzO/[22m[2massets/[22m[32mlogo-white-BmJIIggy.svg            [39m[1m[2m    5.38 kB[22m[1m[22m[2m │ gzip:   2.17 kB[22m
[2m../../../../../../../../var/folders/lw/gy7lfk_52gq0fv1yvph2fb100000gn/T/chromatic--86736-Cur2LLLwROzO/[22m[32miframe.html                               [39m[1m[2m   18.17 kB[22m[1m[22m[2m │ gzip:   5.10 kB[22m
[2m../../../../../../../../var/folders/lw/gy7lfk_52gq0fv1yvph2fb100000gn/T/chromatic--86736-Cur2LLLwROzO/[22m[2massets/[22m[32mtucu-ui-logo-CabrQ4E_.png          [39m[1m[2m  820.95 kB[22m[1m[22m
[2m../../../../../../../../var/folders/lw/gy7lfk_52gq0fv1yvph2fb100000gn/T/chromatic--86736-Cur2LLLwROzO/[22m[2massets/[22m[35miframe-DFUq36QN.css                [39m[1m[2m   81.33 kB[22m[1m[22m[2m │ gzip:  13.71 kB[22m
[2m../../../../../../../../var/folders/lw/gy7lfk_52gq0fv1yvph2fb100000gn/T/chromatic--86736-Cur2LLLwROzO/[22m[2massets/[22m[36mindex-Bs4c4ED2.js                  [39m[1m[2m    0.46 kB[22m[1m[22m[2m │ gzip:   0.31 kB[22m[2m │ map:      3.26 kB[22m
[2m../../../../../../../../var/folders/lw/gy7lfk_52gq0fv1yvph2fb100000gn/T/chromatic--86736-Cur2LLLwROzO/[22m[2massets/[22m[36mreact-18-Dxgm_xtC.js               [39m[1m[2m    0.81 kB[22m[1m[22m[2m │ gzip:   0.49 kB[22m[2m │ map:      3.50 kB[22m
[2m../../../../../../../../var/folders/lw/gy7lfk_52gq0fv1yvph2fb100000gn/T/chromatic--86736-Cur2LLLwROzO/[22m[2massets/[22m[36mDocsRenderer-PQXLIZUC-qOU7NxNQ.js  [39m[1m[2m    1.21 kB[22m[1m[22m[2m │ gzip:   0.69 kB[22m[2m │ map:      2.73 kB[22m
[2m../../../../../../../../var/folders/lw/gy7lfk_52gq0fv1yvph2fb100000gn/T/chromatic--86736-Cur2LLLwROzO/[22m[2massets/[22m[36mButton.stories-uCGheaL8.js         [39m[1m[2m    1.69 kB[22m[1m[22m[2m │ gzip:   0.88 kB[22m[2m │ map:      3.68 kB[22m
[2m../../../../../../../../var/folders/lw/gy7lfk_52gq0fv1yvph2fb100000gn/T/chromatic--86736-Cur2LLLwROzO/[22m[2massets/[22m[36m01-introduction-BRBtrEdr.js        [39m[1m[2m    6.42 kB[22m[1m[22m[2m │ gzip:   2.27 kB[22m[2m │ map:      9.49 kB[22m
[2m../../../../../../../../var/folders/lw/gy7lfk_52gq0fv1yvph2fb100000gn/T/chromatic--86736-Cur2LLLwROzO/[22m[2massets/[22m[36mColor-AVL7NMMY-CWUIdXbD.js         [39m[1m[2m   29.31 kB[22m[1m[22m[2m │ gzip:  11.03 kB[22m[2m │ map:     83.24 kB[22m
[2m../../../../../../../../var/folders/lw/gy7lfk_52gq0fv1yvph2fb100000gn/T/chromatic--86736-Cur2LLLwROzO/[22m[2massets/[22m[36miframe-BTGBy_8Y.js                 [39m[1m[2m3,191.05 kB[22m[1m[22m[2m │ gzip: 955.02 kB[22m[2m │ map: 10,130.37 kB[22m
[32m✓ built in 19.87s[39m
info => Preview built ([38;2;181;126;229m22 s[39m)
info => preview stats written to [36m/var/folders/lw/gy7lfk_52gq0fv1yvph2fb100000gn/T/chromatic--86736-Cur2LLLwROzO/preview-stats.json[39m
info => Output directory: /var/folders/lw/gy7lfk_52gq0fv1yvph2fb100000gn/T/chromatic--86736-Cur2LLLwROzO
[2K[1GDone in 23.78s.
